<?xml version="1.0" encoding="UTF-8"?>
<!-- Generated by org.testng.reporters.JUnitXMLReporter -->
<testsuite ignored="0" hostname="Navichinna" failures="0" tests="3" name="Default test" time="0.057" errors="0" timestamp="2023-10-12T16:14:51 IST">
  <testcase classname="com.APP.TDD.TestApplication" name="findapplication" time="0.013"/>
  <testcase classname="com.APP.TDD.TestApplication" name="findapplicationEmptyInput" time="0.001"/>
  <testcase classname="com.APP.TDD.TestApplication" name="findapplicationInvalidInput" time="0.001"/>
</testsuite> <!-- Default test -->
