<?xml version="1.0" encoding="UTF-8"?>
<testng-results ignored="0" total="3" passed="3" failed="0" skipped="0">
  <reporter-output>
  </reporter-output>
  <suite started-at="2023-10-12T16:14:51 IST" name="Default suite" finished-at="2023-10-12T16:14:51 IST" duration-ms="57">
    <groups>
    </groups>
    <test started-at="2023-10-12T16:14:51 IST" name="Default test" finished-at="2023-10-12T16:14:51 IST" duration-ms="57">
      <class name="com.APP.TDD.TestApplication">
        <test-method signature="findapplication()[pri:0, instance:com.APP.TDD.TestApplication@1a6d8329]" started-at="2023-10-12T16:14:51 IST" name="findapplication" finished-at="2023-10-12T16:14:51 IST" duration-ms="13" status="PASS">
          <reporter-output>
          </reporter-output>
        </test-method> <!-- findapplication -->
        <test-method signature="findapplicationEmptyInput()[pri:0, instance:com.APP.TDD.TestApplication@1a6d8329]" started-at="2023-10-12T16:14:51 IST" name="findapplicationEmptyInput" finished-at="2023-10-12T16:14:51 IST" duration-ms="1" status="PASS">
          <reporter-output>
          </reporter-output>
        </test-method> <!-- findapplicationEmptyInput -->
        <test-method signature="findapplicationInvalidInput()[pri:0, instance:com.APP.TDD.TestApplication@1a6d8329]" started-at="2023-10-12T16:14:51 IST" name="findapplicationInvalidInput" finished-at="2023-10-12T16:14:51 IST" duration-ms="1" status="PASS">
          <reporter-output>
          </reporter-output>
        </test-method> <!-- findapplicationInvalidInput -->
      </class> <!-- com.APP.TDD.TestApplication -->
    </test> <!-- Default test -->
  </suite> <!-- Default suite -->
</testng-results>
